2026-01-17 16:14:17.069 [info] Getting Manifest... jdinhlife.gruvbox
2026-01-17 16:14:17.293 [info] Installing extension: jdinhlife.gruvbox {"isMachineScoped":false,"installPreReleaseVersion":false,"pinned":true,"profileLocation":{"$mid":1,"external":"vscode-userdata:/nix/store/k4sy48q9dzmh7hh9ydh35mwj7fgwbpxc-vscode-extensions/share/vscode/extensions/extensions.json","path":"/nix/store/k4sy48q9dzmh7hh9ydh35mwj7fgwbpxc-vscode-extensions/share/vscode/extensions/extensions.json","scheme":"vscode-userdata"},"isApplicationScoped":false,"productVersion":{"version":"1.106.2","date":"2025-11-19T16:56:50.023Z"}}
2026-01-17 16:14:22.094 [info] Extension signature verification result for jdinhlife.gruvbox: Success. Internal Code: 0. Executed: true. Duration: 3052ms.
2026-01-17 16:14:22.124 [error] Error while installing the extension jdinhlife.gruvbox ENOENT: no such file or directory, mkdir '/nix/store/k4sy48q9dzmh7hh9ydh35mwj7fgwbpxc-vscode-extensions/share/vscode/extensions/.0e41f5e8-faa3-46d9-b30c-73b3f16d98cd' vscode-userdata:/nix/store/k4sy48q9dzmh7hh9ydh35mwj7fgwbpxc-vscode-extensions/share/vscode/extensions/extensions.json
2026-01-17 16:14:22.125 [error] [uncaught exception in sharedProcess]: ENOENT: no such file or directory, mkdir '/nix/store/k4sy48q9dzmh7hh9ydh35mwj7fgwbpxc-vscode-extensions/share/vscode/extensions/.0e41f5e8-faa3-46d9-b30c-73b3f16d98cd': Error: ENOENT: no such file or directory, mkdir '/nix/store/k4sy48q9dzmh7hh9ydh35mwj7fgwbpxc-vscode-extensions/share/vscode/extensions/.0e41f5e8-faa3-46d9-b30c-73b3f16d98cd'
    at async Object.mkdir (node:internal/original-fs/promises:861:10)
2026-01-17 16:14:37.226 [info] Getting Manifest... sainnhe.gruvbox-material
2026-01-17 16:14:37.459 [info] Installing extension: sainnhe.gruvbox-material {"isMachineScoped":false,"installPreReleaseVersion":false,"pinned":true,"profileLocation":{"$mid":1,"external":"vscode-userdata:/nix/store/k4sy48q9dzmh7hh9ydh35mwj7fgwbpxc-vscode-extensions/share/vscode/extensions/extensions.json","path":"/nix/store/k4sy48q9dzmh7hh9ydh35mwj7fgwbpxc-vscode-extensions/share/vscode/extensions/extensions.json","scheme":"vscode-userdata"},"isApplicationScoped":false,"productVersion":{"version":"1.106.2","date":"2025-11-19T16:56:50.023Z"}}
2026-01-17 16:14:39.801 [info] Extension signature verification result for sainnhe.gruvbox-material: Success. Internal Code: 0. Executed: true. Duration: 1480ms.
2026-01-17 16:14:39.867 [error] Error while installing the extension sainnhe.gruvbox-material ENOENT: no such file or directory, mkdir '/nix/store/k4sy48q9dzmh7hh9ydh35mwj7fgwbpxc-vscode-extensions/share/vscode/extensions/.c625b213-dbe3-41c8-b045-9e4535f4a1ef' vscode-userdata:/nix/store/k4sy48q9dzmh7hh9ydh35mwj7fgwbpxc-vscode-extensions/share/vscode/extensions/extensions.json
2026-01-17 16:14:39.882 [error] [uncaught exception in sharedProcess]: ENOENT: no such file or directory, mkdir '/nix/store/k4sy48q9dzmh7hh9ydh35mwj7fgwbpxc-vscode-extensions/share/vscode/extensions/.c625b213-dbe3-41c8-b045-9e4535f4a1ef': Error: ENOENT: no such file or directory, mkdir '/nix/store/k4sy48q9dzmh7hh9ydh35mwj7fgwbpxc-vscode-extensions/share/vscode/extensions/.c625b213-dbe3-41c8-b045-9e4535f4a1ef'
    at async Object.mkdir (node:internal/original-fs/promises:861:10)
2026-01-17 16:14:48.608 [info] Getting Manifest... jonathanharty.gruvbox-material-icon-theme
2026-01-17 16:14:48.822 [info] Installing extension: jonathanharty.gruvbox-material-icon-theme {"isMachineScoped":false,"installPreReleaseVersion":false,"pinned":true,"profileLocation":{"$mid":1,"external":"vscode-userdata:/nix/store/k4sy48q9dzmh7hh9ydh35mwj7fgwbpxc-vscode-extensions/share/vscode/extensions/extensions.json","path":"/nix/store/k4sy48q9dzmh7hh9ydh35mwj7fgwbpxc-vscode-extensions/share/vscode/extensions/extensions.json","scheme":"vscode-userdata"},"isApplicationScoped":false,"productVersion":{"version":"1.106.2","date":"2025-11-19T16:56:50.023Z"}}
2026-01-17 16:14:51.936 [info] Extension signature verification result for jonathanharty.gruvbox-material-icon-theme: Success. Internal Code: 0. Executed: true. Duration: 1386ms.
2026-01-17 16:14:52.265 [error] Error while installing the extension jonathanharty.gruvbox-material-icon-theme ENOENT: no such file or directory, mkdir '/nix/store/k4sy48q9dzmh7hh9ydh35mwj7fgwbpxc-vscode-extensions/share/vscode/extensions/.2042eaae-0ebc-4c7d-9ccd-17de7f17f162' vscode-userdata:/nix/store/k4sy48q9dzmh7hh9ydh35mwj7fgwbpxc-vscode-extensions/share/vscode/extensions/extensions.json
2026-01-17 16:14:52.267 [error] [uncaught exception in sharedProcess]: ENOENT: no such file or directory, mkdir '/nix/store/k4sy48q9dzmh7hh9ydh35mwj7fgwbpxc-vscode-extensions/share/vscode/extensions/.2042eaae-0ebc-4c7d-9ccd-17de7f17f162': Error: ENOENT: no such file or directory, mkdir '/nix/store/k4sy48q9dzmh7hh9ydh35mwj7fgwbpxc-vscode-extensions/share/vscode/extensions/.2042eaae-0ebc-4c7d-9ccd-17de7f17f162'
    at async Object.mkdir (node:internal/original-fs/promises:861:10)
2026-01-17 16:15:38.745 [info] Getting Manifest... jonathanharty.gruvbox-material-icon-theme
2026-01-17 16:15:38.805 [info] Installing extension: jonathanharty.gruvbox-material-icon-theme {"isMachineScoped":false,"installPreReleaseVersion":false,"pinned":true,"profileLocation":{"$mid":1,"external":"vscode-userdata:/nix/store/k4sy48q9dzmh7hh9ydh35mwj7fgwbpxc-vscode-extensions/share/vscode/extensions/extensions.json","path":"/nix/store/k4sy48q9dzmh7hh9ydh35mwj7fgwbpxc-vscode-extensions/share/vscode/extensions/extensions.json","scheme":"vscode-userdata"},"isApplicationScoped":false,"productVersion":{"version":"1.106.2","date":"2025-11-19T16:56:50.023Z"}}
2026-01-17 16:15:41.085 [info] Extension signature verification result for jonathanharty.gruvbox-material-icon-theme: Success. Internal Code: 0. Executed: true. Duration: 1361ms.
2026-01-17 16:15:41.217 [error] Error while installing the extension jonathanharty.gruvbox-material-icon-theme ENOENT: no such file or directory, mkdir '/nix/store/k4sy48q9dzmh7hh9ydh35mwj7fgwbpxc-vscode-extensions/share/vscode/extensions/.e2ee78df-d209-46d3-bdf4-0dc34fc06208' vscode-userdata:/nix/store/k4sy48q9dzmh7hh9ydh35mwj7fgwbpxc-vscode-extensions/share/vscode/extensions/extensions.json
2026-01-17 16:15:41.219 [error] [uncaught exception in sharedProcess]: ENOENT: no such file or directory, mkdir '/nix/store/k4sy48q9dzmh7hh9ydh35mwj7fgwbpxc-vscode-extensions/share/vscode/extensions/.e2ee78df-d209-46d3-bdf4-0dc34fc06208': Error: ENOENT: no such file or directory, mkdir '/nix/store/k4sy48q9dzmh7hh9ydh35mwj7fgwbpxc-vscode-extensions/share/vscode/extensions/.e2ee78df-d209-46d3-bdf4-0dc34fc06208'
    at async Object.mkdir (node:internal/original-fs/promises:861:10)
