2026-01-17 16:11:22.818 [info] Extension host with pid 14491 started
2026-01-17 16:11:23.009 [info] ExtensionService#_doActivateExtension vscode.github-authentication, startup: false, activationEvent: 'onAuthenticationRequest:github'
2026-01-17 16:11:23.180 [info] ExtensionService#_doActivateExtension vscode.emmet, startup: false, activationEvent: 'onLanguage'
2026-01-17 16:11:23.447 [info] ExtensionService#_doActivateExtension vscode.git-base, startup: true, activationEvent: '*', root cause: vscode.git
2026-01-17 16:11:23.485 [info] ExtensionService#_doActivateExtension vscode.git, startup: true, activationEvent: '*'
2026-01-17 16:11:23.731 [info] ExtensionService#_doActivateExtension vscode.github, startup: true, activationEvent: '*'
2026-01-17 16:11:24.235 [info] Eager extensions activated
2026-01-17 16:11:24.272 [info] ExtensionService#_doActivateExtension vscode.debug-auto-launch, startup: false, activationEvent: 'onStartupFinished'
2026-01-17 16:11:24.281 [info] ExtensionService#_doActivateExtension vscode.merge-conflict, startup: false, activationEvent: 'onStartupFinished'
2026-01-17 16:11:26.430 [info] ExtensionService#_doActivateExtension vscode.configuration-editing, startup: false, activationEvent: 'onLanguage:jsonc'
2026-01-17 16:11:26.449 [info] ExtensionService#_doActivateExtension vscode.json-language-features, startup: false, activationEvent: 'onLanguage:jsonc'
2026-01-17 16:11:26.664 [info] ExtensionService#_doActivateExtension vscode.typescript-language-features, startup: false, activationEvent: 'onLanguage:jsonc'
2026-01-17 16:11:48.364 [info] Extension host terminating: renderer closed the MessagePort
2026-01-17 16:11:48.450 [info] Extension host with pid 14491 exiting with code 0
2026-01-17 16:11:52.499 [info] Extension host with pid 14592 started
2026-01-17 16:11:52.499 [info] Skipping acquiring lock for /home/nixos/.config/Code/User/workspaceStorage/337629dae0914fc3950d6ce110cf2d77.
2026-01-17 16:11:52.599 [info] ExtensionService#_doActivateExtension vscode.github-authentication, startup: false, activationEvent: 'onAuthenticationRequest:github'
2026-01-17 16:11:52.696 [info] ExtensionService#_doActivateExtension vscode.emmet, startup: false, activationEvent: 'onLanguage'
2026-01-17 16:11:52.924 [info] ExtensionService#_doActivateExtension vscode.git-base, startup: true, activationEvent: '*'
2026-01-17 16:11:52.970 [info] ExtensionService#_doActivateExtension vscode.github, startup: true, activationEvent: '*'
2026-01-17 16:11:53.314 [info] Eager extensions activated
2026-01-17 16:11:53.366 [info] ExtensionService#_doActivateExtension vscode.debug-auto-launch, startup: false, activationEvent: 'onStartupFinished'
2026-01-17 16:11:53.378 [info] ExtensionService#_doActivateExtension vscode.merge-conflict, startup: false, activationEvent: 'onStartupFinished'
2026-01-17 16:11:56.565 [info] ExtensionService#_doActivateExtension vscode.git, startup: false, activationEvent: 'api', root cause: vscode.github
2026-01-17 16:12:10.096 [info] ExtensionService#_doActivateExtension vscode.css-language-features, startup: false, activationEvent: 'onLanguage:css'
2026-01-17 16:12:59.354 [info] ExtensionService#_doActivateExtension vscode.configuration-editing, startup: false, activationEvent: 'onLanguage:jsonc'
2026-01-17 16:12:59.379 [info] ExtensionService#_doActivateExtension vscode.json-language-features, startup: false, activationEvent: 'onLanguage:jsonc'
2026-01-17 16:12:59.522 [info] ExtensionService#_doActivateExtension vscode.typescript-language-features, startup: false, activationEvent: 'onLanguage:jsonc'
2026-01-17 16:13:14.551 [info] ExtensionService#_doActivateExtension vscode.html-language-features, startup: false, activationEvent: 'onLanguage:html'
2026-01-17 16:18:06.949 [info] Extension host terminating: renderer closed the MessagePort
2026-01-17 16:18:07.058 [info] Extension host with pid 14592 exiting with code 0
