2026-01-17 16:21:01.710 [info] Started initializing default profile extensions in extensions installation folder. file:///home/nixos/.vscode-oss/extensions
2026-01-17 16:21:01.978 [warning] Failed to create default profile extensions manifest in extensions installation folder. file:///home/nixos/.vscode-oss/extensions Unable to create file 'vscode-userdata:/home/nixos/.vscode-oss/extensions/extensions.json' that already exists when overwrite flag is not set
2026-01-17 16:21:01.979 [info] Completed initializing default profile extensions in extensions installation folder. file:///home/nixos/.vscode-oss/extensions
2026-01-17 16:23:07.965 [info] Getting Manifest... jdinhlife.gruvbox
2026-01-17 16:23:08.797 [info] Installing extension: jdinhlife.gruvbox {"isMachineScoped":false,"installPreReleaseVersion":false,"pinned":true,"profileLocation":{"$mid":1,"external":"vscode-userdata:/home/nixos/.vscode-oss/extensions/extensions.json","path":"/home/nixos/.vscode-oss/extensions/extensions.json","scheme":"vscode-userdata"},"isApplicationScoped":false,"productVersion":{"version":"1.106.27818","date":"2025-11-21T18:45:03.730Z"}}
2026-01-17 16:23:10.068 [info] Extracted extension to file:///home/nixos/.vscode-oss/extensions/jdinhlife.gruvbox-1.29.0-universal: jdinhlife.gruvbox
2026-01-17 16:23:10.077 [info] Renamed to /home/nixos/.vscode-oss/extensions/jdinhlife.gruvbox-1.29.0-universal
2026-01-17 16:23:10.107 [info] Extension installed successfully: jdinhlife.gruvbox vscode-userdata:/home/nixos/.vscode-oss/extensions/extensions.json
2026-01-17 16:25:01.295 [info] Getting Manifest... pkief.material-icon-theme
2026-01-17 16:25:02.140 [info] Installing extension: pkief.material-icon-theme {"isMachineScoped":false,"installPreReleaseVersion":false,"pinned":true,"profileLocation":{"$mid":1,"external":"vscode-userdata:/home/nixos/.vscode-oss/extensions/extensions.json","path":"/home/nixos/.vscode-oss/extensions/extensions.json","scheme":"vscode-userdata"},"isApplicationScoped":false,"productVersion":{"version":"1.106.27818","date":"2025-11-21T18:45:03.730Z"}}
2026-01-17 16:25:04.615 [info] Extracted extension to file:///home/nixos/.vscode-oss/extensions/pkief.material-icon-theme-5.30.0-universal: pkief.material-icon-theme
2026-01-17 16:25:04.680 [info] Renamed to /home/nixos/.vscode-oss/extensions/pkief.material-icon-theme-5.30.0-universal
2026-01-17 16:25:04.712 [info] Extension installed successfully: pkief.material-icon-theme vscode-userdata:/home/nixos/.vscode-oss/extensions/extensions.json
2026-01-17 16:25:30.398 [info] Getting Manifest... yandeu.five-server
2026-01-17 16:25:30.826 [info] Installing extension: yandeu.five-server {"isMachineScoped":false,"installPreReleaseVersion":false,"pinned":true,"profileLocation":{"$mid":1,"external":"vscode-userdata:/home/nixos/.vscode-oss/extensions/extensions.json","path":"/home/nixos/.vscode-oss/extensions/extensions.json","scheme":"vscode-userdata"},"isApplicationScoped":false,"productVersion":{"version":"1.106.27818","date":"2025-11-21T18:45:03.730Z"}}
2026-01-17 16:25:32.028 [info] Extracted extension to file:///home/nixos/.vscode-oss/extensions/yandeu.five-server-0.3.10-universal: yandeu.five-server
2026-01-17 16:25:32.044 [info] Renamed to /home/nixos/.vscode-oss/extensions/yandeu.five-server-0.3.10-universal
2026-01-17 16:25:32.069 [info] Extension installed successfully: yandeu.five-server vscode-userdata:/home/nixos/.vscode-oss/extensions/extensions.json
2026-01-17 16:26:28.968 [info] Getting Manifest... esbenp.prettier-vscode
2026-01-17 16:26:29.402 [info] Installing extension: esbenp.prettier-vscode {"isMachineScoped":false,"installPreReleaseVersion":false,"pinned":true,"profileLocation":{"$mid":1,"external":"vscode-userdata:/home/nixos/.vscode-oss/extensions/extensions.json","path":"/home/nixos/.vscode-oss/extensions/extensions.json","scheme":"vscode-userdata"},"isApplicationScoped":false,"productVersion":{"version":"1.106.27818","date":"2025-11-21T18:45:03.730Z"}}
2026-01-17 16:26:30.814 [info] Extracted extension to file:///home/nixos/.vscode-oss/extensions/esbenp.prettier-vscode-12.1.0-universal: esbenp.prettier-vscode
2026-01-17 16:26:30.828 [info] Renamed to /home/nixos/.vscode-oss/extensions/esbenp.prettier-vscode-12.1.0-universal
2026-01-17 16:26:30.861 [info] Extension installed successfully: esbenp.prettier-vscode vscode-userdata:/home/nixos/.vscode-oss/extensions/extensions.json
